[09-Nov-2018 01:21:02 Asia/Tehran] PHP Fatal error:  Class 'App\Http\Controllers\Auth' not found in /home/ubuntu/workspace/app/Http/Controllers/StoreController.php on line 117
[09-Nov-2018 01:22:18 Asia/Tehran] PHP Fatal error:  Class 'App\Http\Controllers\Auth' not found in /home/ubuntu/workspace/app/Http/Controllers/StoreController.php on line 117
[09-Nov-2018 01:25:49 Asia/Tehran] PHP Fatal error:  Class 'App\Http\Controllers\Photo' not found in /home/ubuntu/workspace/app/Http/Controllers/StoreController.php on line 128
[11-Nov-2018 18:05:58 Asia/Tehran] PHP Fatal error:  Class 'App\Http\Middleware\Auth' not found in /home/ubuntu/workspace/app/Http/Middleware/StoreAdmin.php on line 18
[11-Nov-2018 18:06:10 Asia/Tehran] PHP Fatal error:  Class 'App\Http\Middleware\Auth' not found in /home/ubuntu/workspace/app/Http/Middleware/StoreAdmin.php on line 18
[12-Nov-2018 16:41:44 Asia/Tehran] PHP Fatal error:  Class 'App\Http\Controllers\Image' not found in /home/ubuntu/workspace/app/Http/Controllers/PhotoController.php on line 49
[15-Nov-2018 11:40:20 Asia/Tehran] PHP Fatal error:  Class 'App\Scopes\ProductScope' not found in /home/ubuntu/workspace/app/Product.php on line 41
[15-Nov-2018 11:42:22 Asia/Tehran] PHP Fatal error:  Class 'App\Scopes\ProductScope' not found in /home/ubuntu/workspace/app/Product.php on line 41
[15-Nov-2018 11:43:00 Asia/Tehran] PHP Fatal error:  Class 'App\Scopes\ProductScope' not found in /home/ubuntu/workspace/app/Product.php on line 41
[15-Nov-2018 11:43:54 Asia/Tehran] PHP Fatal error:  Class 'App\Scopes\ProductScope' not found in /home/ubuntu/workspace/app/Product.php on line 41
[15-Nov-2018 11:59:56 Asia/Tehran] PHP Fatal error:  Class 'App\ProductScope' not found in /home/ubuntu/workspace/app/Product.php on line 41
[15-Nov-2018 13:53:20 Asia/Tehran] PHP Fatal error:  Class 'App\Transformers\StoreTransformer' not found in /home/ubuntu/workspace/app/Http/Controllers/AdminStoreController.php on line 15
[15-Nov-2018 13:54:29 Asia/Tehran] PHP Fatal error:  Class 'App\Transformers\StoreTransformer' not found in /home/ubuntu/workspace/app/Http/Controllers/AdminStoreController.php on line 15
[15-Nov-2018 13:55:20 Asia/Tehran] PHP Fatal error:  Class 'App\Transformers\StoreTransformer' not found in /home/ubuntu/workspace/app/Http/Controllers/AdminStoreController.php on line 15
[15-Nov-2018 13:55:51 Asia/Tehran] PHP Fatal error:  Call to undefined function App\Http\Controllers\json() in /home/ubuntu/workspace/app/Http/Controllers/AdminStoreController.php on line 17
[15-Nov-2018 13:59:59 Asia/Tehran] PHP Fatal error:  Cannot use object of type Illuminate\Http\JsonResponse as array in /home/ubuntu/workspace/app/Http/Controllers/AdminStoreController.php on line 19
[15-Nov-2018 14:00:14 Asia/Tehran] PHP Fatal error:  Call to undefined method Illuminate\Http\JsonResponse::first() in /home/ubuntu/workspace/app/Http/Controllers/AdminStoreController.php on line 19
[15-Nov-2018 14:03:40 Asia/Tehran] PHP Fatal error:  Cannot access protected property Illuminate\Http\JsonResponse::$data in /home/ubuntu/workspace/app/Http/Controllers/AdminStoreController.php on line 19
[15-Nov-2018 14:05:21 Asia/Tehran] PHP Fatal error:  Cannot access protected property Spatie\Fractal\Fractal::$data in /home/ubuntu/workspace/app/Http/Controllers/AdminStoreController.php on line 19
[15-Nov-2018 14:07:36 Asia/Tehran] PHP Fatal error:  Call to a member function getData() on array in /home/ubuntu/workspace/app/Http/Controllers/AdminStoreController.php on line 18
[15-Nov-2018 14:08:37 Asia/Tehran] PHP Fatal error:  Call to a member function getData() on string in /home/ubuntu/workspace/app/Http/Controllers/AdminStoreController.php on line 19
[15-Nov-2018 14:17:01 Asia/Tehran] PHP Fatal error:  Call to a member function getOriginal() on integer in /home/ubuntu/workspace/storage/framework/views/9a5edfa32ee82fb504947828cbd85e35f59c6faf.php on line 13
[15-Nov-2018 14:19:15 Asia/Tehran] PHP Parse error:  syntax error, unexpected ';' in /home/ubuntu/workspace/storage/framework/views/9a5edfa32ee82fb504947828cbd85e35f59c6faf.php on line 13
[15-Nov-2018 14:57:58 Asia/Tehran] PHP Parse error:  syntax error, unexpected ';' in /home/ubuntu/workspace/storage/framework/views/9a5edfa32ee82fb504947828cbd85e35f59c6faf.php on line 50
[15-Nov-2018 16:04:41 Asia/Tehran] PHP Fatal error:  Call to a member function except() on null in /home/ubuntu/workspace/routes/web.php on line 220
[15-Nov-2018 16:04:49 Asia/Tehran] PHP Fatal error:  Call to a member function except() on null in /home/ubuntu/workspace/routes/web.php on line 220
[15-Nov-2018 16:04:58 Asia/Tehran] PHP Fatal error:  Call to a member function except() on null in /home/ubuntu/workspace/routes/web.php on line 220
[15-Nov-2018 16:05:32 Asia/Tehran] PHP Fatal error:  Call to a member function except() on null in /home/ubuntu/workspace/routes/web.php on line 220
[15-Nov-2018 16:07:14 Asia/Tehran] PHP Fatal error:  Call to a member function except() on null in /home/ubuntu/workspace/routes/web.php on line 220
[15-Nov-2018 16:08:24 Asia/Tehran] PHP Fatal error:  Call to a member function except() on null in /home/ubuntu/workspace/routes/web.php on line 214
[15-Nov-2018 16:08:40 Asia/Tehran] PHP Fatal error:  Call to a member function except() on null in /home/ubuntu/workspace/routes/web.php on line 214
[15-Nov-2018 16:08:55 Asia/Tehran] PHP Fatal error:  Call to a member function except() on null in /home/ubuntu/workspace/routes/web.php on line 214
[15-Nov-2018 17:04:18 Asia/Tehran] PHP Fatal error:  Call to undefined function get() in /home/ubuntu/workspace/routes/web.php on line 117
[15-Nov-2018 17:15:59 Asia/Tehran] PHP Fatal error:  Call to undefined function crsf_token() in /home/ubuntu/workspace/storage/framework/views/f16ef215242b52a0ebdc0601c4a4cb0a6ce5174d.php on line 12
[15-Nov-2018 23:37:24 Asia/Tehran] PHP Fatal error:  Class 'Db' not found in /home/ubuntu/workspace/storage/framework/views/ab176a71e59a4e82979c1c6983a656b1d6e07135.php on line 33
[15-Nov-2018 23:44:37 Asia/Tehran] PHP Parse error:  syntax error, unexpected '$product' (T_VARIABLE) in /home/ubuntu/workspace/storage/framework/views/ab176a71e59a4e82979c1c6983a656b1d6e07135.php on line 34
[15-Nov-2018 23:44:52 Asia/Tehran] PHP Fatal error:  Call to undefined function print_f() in /home/ubuntu/workspace/storage/framework/views/ab176a71e59a4e82979c1c6983a656b1d6e07135.php on line 34
[15-Nov-2018 23:48:13 Asia/Tehran] PHP Fatal error:  Cannot use object of type stdClass as array in /home/ubuntu/workspace/storage/framework/views/ab176a71e59a4e82979c1c6983a656b1d6e07135.php on line 34
[15-Nov-2018 23:49:30 Asia/Tehran] PHP Fatal error:  Cannot use object of type stdClass as array in /home/ubuntu/workspace/storage/framework/views/ab176a71e59a4e82979c1c6983a656b1d6e07135.php on line 35
[15-Nov-2018 23:51:22 Asia/Tehran] PHP Fatal error:  Cannot use object of type stdClass as array in /home/ubuntu/workspace/storage/framework/views/ab176a71e59a4e82979c1c6983a656b1d6e07135.php on line 34
[15-Nov-2018 23:54:09 Asia/Tehran] PHP Parse error:  syntax error, unexpected 'endforeach' (T_ENDFOREACH) in /home/ubuntu/workspace/storage/framework/views/ab176a71e59a4e82979c1c6983a656b1d6e07135.php on line 44
[17-Nov-2018 14:53:05 Asia/Tehran] PHP Fatal error:  Class 'Barryvdh\Debugbar\ServiceProvider' not found in /home/ubuntu/workspace/vendor/laravel/framework/src/Illuminate/Foundation/ProviderRepository.php on line 208
[17-Nov-2018 15:12:25 Asia/Tehran] PHP Fatal error:  Call to a member function addEagerConstraints() on null in /home/ubuntu/workspace/vendor/laravel/framework/src/Illuminate/Database/Eloquent/Builder.php on line 501
[18-Nov-2018 09:28:10 Asia/Tehran] PHP Fatal error:  Trait 'App\Sluggable' not found in /home/ubuntu/workspace/app/Store.php on line 12
[18-Nov-2018 09:38:36 Asia/Tehran] PHP Fatal error:  Class 'App\Http\Controllers\Store' not found in /home/ubuntu/workspace/app/Http/Controllers/HomeController.php on line 75
[18-Nov-2018 10:39:24 Asia/Tehran] PHP Parse error:  syntax error, unexpected end of file in /home/ubuntu/workspace/storage/framework/views/62c9e32015ebb7f65febfdff2d001e1ec85f66dc.php on line 69
[18-Nov-2018 12:26:33 Asia/Tehran] PHP Parse error:  syntax error, unexpected end of file in /home/ubuntu/workspace/storage/framework/views/35c7c9a4b1b9ce9013bf2e47c306a346d7894342.php on line 12
[18-Nov-2018 12:45:41 Asia/Tehran] PHP Parse error:  syntax error, unexpected ':', expecting '(' in /home/ubuntu/workspace/storage/framework/views/a08fc9bf027a9fd61efa621286027af5b00e4e34.php on line 79
[18-Nov-2018 12:45:59 Asia/Tehran] PHP Parse error:  syntax error, unexpected ':', expecting '(' in /home/ubuntu/workspace/storage/framework/views/a08fc9bf027a9fd61efa621286027af5b00e4e34.php on line 79
[18-Nov-2018 15:50:21 Asia/Tehran] PHP Fatal error:  Class 'App\Http\Controllers\Province' not found in /home/ubuntu/workspace/app/Http/Controllers/AdminStoreController.php on line 19
[18-Nov-2018 17:29:35 Asia/Tehran] PHP Parse error:  syntax error, unexpected 'endif' (T_ENDIF) in /home/ubuntu/workspace/storage/framework/views/28d919b56d10628da082273c595eb908b9b597f2.php on line 96
[18-Nov-2018 17:30:00 Asia/Tehran] PHP Parse error:  syntax error, unexpected 'endif' (T_ENDIF) in /home/ubuntu/workspace/storage/framework/views/28d919b56d10628da082273c595eb908b9b597f2.php on line 96
[13-Dec-2018 14:12:54 Asia/Tehran] PHP Parse error:  syntax error, unexpected '__data' (T_STRING) in /home/ubuntu/workspace/storage/framework/views/9553de314b0e2038a246bd230fb2fab569fec39d.php on line 231
[13-Dec-2018 14:13:25 Asia/Tehran] PHP Parse error:  syntax error, unexpected '__data' (T_STRING) in /home/ubuntu/workspace/storage/framework/views/9553de314b0e2038a246bd230fb2fab569fec39d.php on line 231
[13-Dec-2018 14:13:48 Asia/Tehran] PHP Parse error:  syntax error, unexpected '__data' (T_STRING) in /home/ubuntu/workspace/storage/framework/views/9553de314b0e2038a246bd230fb2fab569fec39d.php on line 231
[13-Dec-2018 14:14:19 Asia/Tehran] PHP Parse error:  syntax error, unexpected '').hover(function() {' (T_CONSTANT_ENCAPSED_STRING) in /home/ubuntu/workspace/storage/framework/views/9553de314b0e2038a246bd230fb2fab569fec39d.php on line 251
[13-Dec-2018 14:14:21 Asia/Tehran] PHP Parse error:  syntax error, unexpected '').hover(function() {' (T_CONSTANT_ENCAPSED_STRING) in /home/ubuntu/workspace/storage/framework/views/9553de314b0e2038a246bd230fb2fab569fec39d.php on line 251
[13-Dec-2018 14:14:42 Asia/Tehran] PHP Parse error:  syntax error, unexpected '').hover(function() {' (T_CONSTANT_ENCAPSED_STRING) in /home/ubuntu/workspace/storage/framework/views/9553de314b0e2038a246bd230fb2fab569fec39d.php on line 251
[13-Dec-2018 14:28:11 Asia/Tehran] PHP Parse error:  syntax error, unexpected '').hover(function() {' (T_CONSTANT_ENCAPSED_STRING) in /home/ubuntu/workspace/storage/framework/views/9553de314b0e2038a246bd230fb2fab569fec39d.php on line 258
[13-Dec-2018 16:19:43 Asia/Tehran] PHP Parse error:  syntax error, unexpected 'return' (T_RETURN) in /home/ubuntu/workspace/app/Store.php on line 73
[13-Dec-2018 16:30:52 Asia/Tehran] PHP Fatal error:  Call to undefined function routes() in /home/ubuntu/workspace/storage/framework/views/a2a52c74f7bbac4df39c7423423387ac376c8c5d.php on line 26
[13-Dec-2018 17:51:32 Asia/Tehran] PHP Parse error:  syntax error, unexpected ''vendors)); ?>" style="font-si' (T_ENCAPSED_AND_WHITESPACE) in /home/ubuntu/workspace/storage/framework/views/17af9202a85e0abfae2162d74556bfe139043997.php on line 45
[13-Dec-2018 18:14:15 Asia/Tehran] PHP Parse error:  syntax error, unexpected ':', expecting '(' in /home/ubuntu/workspace/storage/framework/views/d9b351e9d50b8d4a888258e62757741aeb45b983.php on line 37
[13-Dec-2018 18:42:53 Asia/Tehran] PHP Parse error:  syntax error, unexpected '__data' (T_STRING) in /home/ubuntu/workspace/storage/framework/views/a6c9c6ff0eb8329001b2aa8bc08754548536da8e.php on line 257
[13-Dec-2018 19:06:50 Asia/Tehran] PHP Parse error:  syntax error, unexpected ']' in /home/ubuntu/workspace/storage/framework/views/e563aa0d7cdac47843472e995e3a05225c89d339.php on line 25
[13-Dec-2018 19:07:31 Asia/Tehran] PHP Parse error:  syntax error, unexpected ']' in /home/ubuntu/workspace/storage/framework/views/e563aa0d7cdac47843472e995e3a05225c89d339.php on line 25
[13-Dec-2018 19:07:45 Asia/Tehran] PHP Parse error:  syntax error, unexpected ']' in /home/ubuntu/workspace/storage/framework/views/e563aa0d7cdac47843472e995e3a05225c89d339.php on line 25
[17-Dec-2018 13:51:40 UTC] PHP Fatal error:  Call to undefined method Closure::__set_state() in /home/ubuntu/workspace/bootstrap/cache/config.php on line 86
[17-Dec-2018 13:51:43 UTC] PHP Fatal error:  Call to undefined method Closure::__set_state() in /home/ubuntu/workspace/bootstrap/cache/config.php on line 86
[17-Dec-2018 13:51:53 UTC] PHP Fatal error:  Call to undefined method Closure::__set_state() in /home/ubuntu/workspace/bootstrap/cache/config.php on line 86
[17-Dec-2018 13:52:10 UTC] PHP Fatal error:  Call to undefined method Closure::__set_state() in /home/ubuntu/workspace/bootstrap/cache/config.php on line 86
[17-Dec-2018 13:52:16 UTC] PHP Fatal error:  Call to undefined method Closure::__set_state() in /home/ubuntu/workspace/bootstrap/cache/config.php on line 86
[17-Dec-2018 13:52:24 UTC] PHP Fatal error:  Call to undefined method Closure::__set_state() in /home/ubuntu/workspace/bootstrap/cache/config.php on line 86
[17-Dec-2018 13:52:54 UTC] PHP Warning:  require(/home/ubuntu/workspace/public/../bootstrap/autoload.php): failed to open stream: No such file or directory in /home/ubuntu/workspace/public/index.php on line 22
[17-Dec-2018 13:52:54 UTC] PHP Fatal error:  require(): Failed opening required '/home/ubuntu/workspace/public/../bootstrap/autoload.php' (include_path='.:/usr/share/php') in /home/ubuntu/workspace/public/index.php on line 22
[25-Dec-2018 15:45:03 Asia/Tehran] PHP Parse error:  syntax error, unexpected 'error' (T_STRING) in /home/ubuntu/workspace/app/Exceptions/Handler.php on line 79
[25-Dec-2018 15:45:03 Asia/Tehran] PHP Parse error:  syntax error, unexpected 'error' (T_STRING) in /home/ubuntu/workspace/app/Exceptions/Handler.php on line 79
[25-Dec-2018 15:45:04 Asia/Tehran] PHP Parse error:  syntax error, unexpected 'error' (T_STRING) in /home/ubuntu/workspace/app/Exceptions/Handler.php on line 79
[25-Dec-2018 15:45:15 Asia/Tehran] PHP Parse error:  syntax error, unexpected 'error' (T_STRING) in /home/ubuntu/workspace/app/Exceptions/Handler.php on line 79
[25-Dec-2018 15:45:17 Asia/Tehran] PHP Parse error:  syntax error, unexpected 'error' (T_STRING) in /home/ubuntu/workspace/app/Exceptions/Handler.php on line 79
[25-Dec-2018 15:46:05 Asia/Tehran] PHP Parse error:  syntax error, unexpected 'error' (T_STRING) in /home/ubuntu/workspace/app/Exceptions/Handler.php on line 80
[25-Dec-2018 15:46:05 Asia/Tehran] PHP Parse error:  syntax error, unexpected 'error' (T_STRING) in /home/ubuntu/workspace/app/Exceptions/Handler.php on line 80
[25-Dec-2018 15:46:05 Asia/Tehran] PHP Parse error:  syntax error, unexpected 'error' (T_STRING) in /home/ubuntu/workspace/app/Exceptions/Handler.php on line 80
[25-Dec-2018 15:46:12 Asia/Tehran] PHP Parse error:  syntax error, unexpected 'error' (T_STRING) in /home/ubuntu/workspace/app/Exceptions/Handler.php on line 80
[25-Dec-2018 15:46:25 Asia/Tehran] PHP Parse error:  syntax error, unexpected 'error' (T_STRING) in /home/ubuntu/workspace/app/Exceptions/Handler.php on line 81
[26-Dec-2018 09:55:59 Asia/Tehran] PHP Fatal error:  Uncaught exception 'BadMethodCallException' with message 'Method [send] does not exist on view.' in /home/ubuntu/workspace/vendor/laravel/framework/src/Illuminate/View/View.php:399
Stack trace:
#0 /home/ubuntu/workspace/vendor/laravel/framework/src/Illuminate/Foundation/Bootstrap/HandleExceptions.php(112): Illuminate\View\View->__call('send', Array)
#1 /home/ubuntu/workspace/vendor/laravel/framework/src/Illuminate/Foundation/Bootstrap/HandleExceptions.php(112): Illuminate\View\View->send()
#2 /home/ubuntu/workspace/vendor/laravel/framework/src/Illuminate/Foundation/Bootstrap/HandleExceptions.php(89): Illuminate\Foundation\Bootstrap\HandleExceptions->renderHttpResponse(Object(BadMethodCallException))
#3 [internal function]: Illuminate\Foundation\Bootstrap\HandleExceptions->handleException(Object(BadMethodCallException))
#4 {main}
  thrown in /home/ubuntu/workspace/vendor/laravel/framework/src/Illuminate/View/View.php on line 399
[26-Dec-2018 09:55:59 Asia/Tehran] PHP Fatal error:  Uncaught exception 'BadMethodCallException' with message 'Method [send] does not exist on view.' in /home/ubuntu/workspace/vendor/laravel/framework/src/Illuminate/View/View.php:399
Stack trace:
#0 /home/ubuntu/workspace/vendor/laravel/framework/src/Illuminate/Foundation/Bootstrap/HandleExceptions.php(112): Illuminate\View\View->__call('send', Array)
#1 /home/ubuntu/workspace/vendor/laravel/framework/src/Illuminate/Foundation/Bootstrap/HandleExceptions.php(112): Illuminate\View\View->send()
#2 /home/ubuntu/workspace/vendor/laravel/framework/src/Illuminate/Foundation/Bootstrap/HandleExceptions.php(89): Illuminate\Foundation\Bootstrap\HandleExceptions->renderHttpResponse(Object(BadMethodCallException))
#3 [internal function]: Illuminate\Foundation\Bootstrap\HandleExceptions->handleException(Object(BadMethodCallException))
#4 {main}
  thrown in /home/ubuntu/workspace/vendor/laravel/framework/src/Illuminate/View/View.php on line 399
[26-Dec-2018 09:56:00 Asia/Tehran] PHP Fatal error:  Uncaught exception 'BadMethodCallException' with message 'Method [send] does not exist on view.' in /home/ubuntu/workspace/vendor/laravel/framework/src/Illuminate/View/View.php:399
Stack trace:
#0 /home/ubuntu/workspace/vendor/laravel/framework/src/Illuminate/Foundation/Bootstrap/HandleExceptions.php(112): Illuminate\View\View->__call('send', Array)
#1 /home/ubuntu/workspace/vendor/laravel/framework/src/Illuminate/Foundation/Bootstrap/HandleExceptions.php(112): Illuminate\View\View->send()
#2 /home/ubuntu/workspace/vendor/laravel/framework/src/Illuminate/Foundation/Bootstrap/HandleExceptions.php(89): Illuminate\Foundation\Bootstrap\HandleExceptions->renderHttpResponse(Object(BadMethodCallException))
#3 [internal function]: Illuminate\Foundation\Bootstrap\HandleExceptions->handleException(Object(BadMethodCallException))
#4 {main}
  thrown in /home/ubuntu/workspace/vendor/laravel/framework/src/Illuminate/View/View.php on line 399
[26-Dec-2018 09:57:08 Asia/Tehran] PHP Fatal error:  Uncaught exception 'BadMethodCallException' with message 'Method [send] does not exist on view.' in /home/ubuntu/workspace/vendor/laravel/framework/src/Illuminate/View/View.php:399
Stack trace:
#0 /home/ubuntu/workspace/vendor/laravel/framework/src/Illuminate/Foundation/Bootstrap/HandleExceptions.php(112): Illuminate\View\View->__call('send', Array)
#1 /home/ubuntu/workspace/vendor/laravel/framework/src/Illuminate/Foundation/Bootstrap/HandleExceptions.php(112): Illuminate\View\View->send()
#2 /home/ubuntu/workspace/vendor/laravel/framework/src/Illuminate/Foundation/Bootstrap/HandleExceptions.php(89): Illuminate\Foundation\Bootstrap\HandleExceptions->renderHttpResponse(Object(BadMethodCallException))
#3 [internal function]: Illuminate\Foundation\Bootstrap\HandleExceptions->handleException(Object(BadMethodCallException))
#4 {main}
  thrown in /home/ubuntu/workspace/vendor/laravel/framework/src/Illuminate/View/View.php on line 399
[26-Dec-2018 09:57:09 Asia/Tehran] PHP Fatal error:  Uncaught exception 'BadMethodCallException' with message 'Method [send] does not exist on view.' in /home/ubuntu/workspace/vendor/laravel/framework/src/Illuminate/View/View.php:399
Stack trace:
#0 /home/ubuntu/workspace/vendor/laravel/framework/src/Illuminate/Foundation/Bootstrap/HandleExceptions.php(112): Illuminate\View\View->__call('send', Array)
#1 /home/ubuntu/workspace/vendor/laravel/framework/src/Illuminate/Foundation/Bootstrap/HandleExceptions.php(112): Illuminate\View\View->send()
#2 /home/ubuntu/workspace/vendor/laravel/framework/src/Illuminate/Foundation/Bootstrap/HandleExceptions.php(89): Illuminate\Foundation\Bootstrap\HandleExceptions->renderHttpResponse(Object(BadMethodCallException))
#3 [internal function]: Illuminate\Foundation\Bootstrap\HandleExceptions->handleException(Object(BadMethodCallException))
#4 {main}
  thrown in /home/ubuntu/workspace/vendor/laravel/framework/src/Illuminate/View/View.php on line 399
[26-Dec-2018 09:57:09 Asia/Tehran] PHP Fatal error:  Uncaught exception 'BadMethodCallException' with message 'Method [send] does not exist on view.' in /home/ubuntu/workspace/vendor/laravel/framework/src/Illuminate/View/View.php:399
Stack trace:
#0 /home/ubuntu/workspace/vendor/laravel/framework/src/Illuminate/Foundation/Bootstrap/HandleExceptions.php(112): Illuminate\View\View->__call('send', Array)
#1 /home/ubuntu/workspace/vendor/laravel/framework/src/Illuminate/Foundation/Bootstrap/HandleExceptions.php(112): Illuminate\View\View->send()
#2 /home/ubuntu/workspace/vendor/laravel/framework/src/Illuminate/Foundation/Bootstrap/HandleExceptions.php(89): Illuminate\Foundation\Bootstrap\HandleExceptions->renderHttpResponse(Object(BadMethodCallException))
#3 [internal function]: Illuminate\Foundation\Bootstrap\HandleExceptions->handleException(Object(BadMethodCallException))
#4 {main}
  thrown in /home/ubuntu/workspace/vendor/laravel/framework/src/Illuminate/View/View.php on line 399
[28-Dec-2018 10:27:16 Asia/Tehran] PHP Fatal error:  Uncaught exception 'ErrorException' with message 'Use of undefined constant app - assumed 'app'' in /home/ubuntu/workspace/app/Exceptions/Handler.php:61
Stack trace:
#0 /home/ubuntu/workspace/app/Exceptions/Handler.php(61): Illuminate\Foundation\Bootstrap\HandleExceptions->handleError(8, 'Use of undefine...', '/home/ubuntu/wo...', 61, Array)
#1 /home/ubuntu/workspace/vendor/laravel/framework/src/Illuminate/Foundation/Bootstrap/HandleExceptions.php(112): App\Exceptions\Handler->render(Object(Illuminate\Http\Request), Object(ErrorException))
#2 /home/ubuntu/workspace/vendor/laravel/framework/src/Illuminate/Foundation/Bootstrap/HandleExceptions.php(89): Illuminate\Foundation\Bootstrap\HandleExceptions->renderHttpResponse(Object(ErrorException))
#3 [internal function]: Illuminate\Foundation\Bootstrap\HandleExceptions->handleException(Object(ErrorException))
#4 {main}
  thrown in /home/ubuntu/workspace/app/Exceptions/Handler.php on line 61
[28-Dec-2018 10:27:38 Asia/Tehran] PHP Fatal error:  Uncaught exception 'ErrorException' with message 'array_key_exists(): The first argument should be either a string or an integer' in /home/ubuntu/workspace/vendor/laravel/framework/src/Illuminate/Support/Arr.php:151
Stack trace:
#0 [internal function]: Illuminate\Foundation\Bootstrap\HandleExceptions->handleError(2, 'array_key_exist...', '/home/ubuntu/wo...', 151, Array)
#1 /home/ubuntu/workspace/vendor/laravel/framework/src/Illuminate/Support/Arr.php(151): array_key_exists(false, Array)
#2 /home/ubuntu/workspace/vendor/laravel/framework/src/Illuminate/Support/Arr.php(284): Illuminate\Support\Arr::exists(Array, false)
#3 /home/ubuntu/workspace/vendor/laravel/framework/src/Illuminate/Config/Repository.php(49): Illuminate\Support\Arr::get(Array, false, NULL)
#4 /home/ubuntu/workspace/vendor/laravel/framework/src/Illuminate/Foundation/helpers.php(269): Illuminate\Config\Repository->get(false, NULL)
#5 /home/ubuntu/workspace/app/Exceptions/Handler.php(61): config(false)
#6 /home/ubuntu/workspace/vendor/laravel/fr in /home/ubuntu/workspace/vendor/laravel/framework/src/Illuminate/Support/Arr.php on line 151
[28-Dec-2018 10:28:31 Asia/Tehran] PHP Fatal error:  Class 'App\Exceptions\App' not found in /home/ubuntu/workspace/app/Exceptions/Handler.php on line 61
[28-Dec-2018 10:37:31 Asia/Tehran] PHP Fatal error:  Class 'App\Http\Controllers\Vendor' not found in /home/ubuntu/workspace/app/Http/Controllers/HomeController.php on line 48
[28-Dec-2018 10:38:02 Asia/Tehran] PHP Fatal error:  Class 'App\Http\Controllers\Srore' not found in /home/ubuntu/workspace/app/Http/Controllers/HomeController.php on line 48
[28-Dec-2018 11:18:11 Asia/Tehran] PHP Fatal error:  Class 'App\jDate' not found in /home/ubuntu/workspace/app/Store.php on line 88
[28-Dec-2018 13:19:28 Asia/Tehran] PHP Fatal error:  Class 'App\Http\Controllers\View' not found in /home/ubuntu/workspace/app/Http/Controllers/HomeController.php on line 41
[28-Dec-2018 13:37:31 Asia/Tehran] PHP Fatal error:  Class 'Gloudemans\Shoppingcart\Product' not found in /home/ubuntu/workspace/vendor/gloudemans/shoppingcart/src/Cart.php on line 281
[28-Dec-2018 13:38:10 Asia/Tehran] PHP Fatal error:  Class 'Gloudemans\Shoppingcart\Product' not found in /home/ubuntu/workspace/vendor/gloudemans/shoppingcart/src/Cart.php on line 281
[28-Dec-2018 18:52:47 Asia/Tehran] PHP Fatal error:  Class 'App\Http\Controllers\Product' not found in /home/ubuntu/workspace/app/Http/Controllers/Controller.php on line 15
[29-Dec-2018 11:03:45 Asia/Tehran] PHP Fatal error:  Uncaught exception 'BadMethodCallException' with message 'Method [send] does not exist on view.' in /home/ubuntu/workspace/vendor/laravel/framework/src/Illuminate/View/View.php:399
Stack trace:
#0 /home/ubuntu/workspace/vendor/laravel/framework/src/Illuminate/Foundation/Bootstrap/HandleExceptions.php(112): Illuminate\View\View->__call('send', Array)
#1 /home/ubuntu/workspace/vendor/laravel/framework/src/Illuminate/Foundation/Bootstrap/HandleExceptions.php(112): Illuminate\View\View->send()
#2 /home/ubuntu/workspace/vendor/laravel/framework/src/Illuminate/Foundation/Bootstrap/HandleExceptions.php(89): Illuminate\Foundation\Bootstrap\HandleExceptions->renderHttpResponse(Object(BadMethodCallException))
#3 [internal function]: Illuminate\Foundation\Bootstrap\HandleExceptions->handleException(Object(BadMethodCallException))
#4 {main}
  thrown in /home/ubuntu/workspace/vendor/laravel/framework/src/Illuminate/View/View.php on line 399
[29-Dec-2018 11:03:46 Asia/Tehran] PHP Fatal error:  Uncaught exception 'BadMethodCallException' with message 'Method [send] does not exist on view.' in /home/ubuntu/workspace/vendor/laravel/framework/src/Illuminate/View/View.php:399
Stack trace:
#0 /home/ubuntu/workspace/vendor/laravel/framework/src/Illuminate/Foundation/Bootstrap/HandleExceptions.php(112): Illuminate\View\View->__call('send', Array)
#1 /home/ubuntu/workspace/vendor/laravel/framework/src/Illuminate/Foundation/Bootstrap/HandleExceptions.php(112): Illuminate\View\View->send()
#2 /home/ubuntu/workspace/vendor/laravel/framework/src/Illuminate/Foundation/Bootstrap/HandleExceptions.php(89): Illuminate\Foundation\Bootstrap\HandleExceptions->renderHttpResponse(Object(BadMethodCallException))
#3 [internal function]: Illuminate\Foundation\Bootstrap\HandleExceptions->handleException(Object(BadMethodCallException))
#4 {main}
  thrown in /home/ubuntu/workspace/vendor/laravel/framework/src/Illuminate/View/View.php on line 399
[29-Dec-2018 11:03:46 Asia/Tehran] PHP Fatal error:  Uncaught exception 'BadMethodCallException' with message 'Method [send] does not exist on view.' in /home/ubuntu/workspace/vendor/laravel/framework/src/Illuminate/View/View.php:399
Stack trace:
#0 /home/ubuntu/workspace/vendor/laravel/framework/src/Illuminate/Foundation/Bootstrap/HandleExceptions.php(112): Illuminate\View\View->__call('send', Array)
#1 /home/ubuntu/workspace/vendor/laravel/framework/src/Illuminate/Foundation/Bootstrap/HandleExceptions.php(112): Illuminate\View\View->send()
#2 /home/ubuntu/workspace/vendor/laravel/framework/src/Illuminate/Foundation/Bootstrap/HandleExceptions.php(89): Illuminate\Foundation\Bootstrap\HandleExceptions->renderHttpResponse(Object(BadMethodCallException))
#3 [internal function]: Illuminate\Foundation\Bootstrap\HandleExceptions->handleException(Object(BadMethodCallException))
#4 {main}
  thrown in /home/ubuntu/workspace/vendor/laravel/framework/src/Illuminate/View/View.php on line 399
